<?xml version="1.0" encoding="UTF-8"?>
<!-- Generated by org.testng.reporters.JUnitXMLReporter -->
<testsuite ignored="0" hostname="LAPTOP-5USHU4F4" failures="0" tests="3" name="Default test" time="14.323" errors="0" timestamp="2026-03-31T00:41:42 IST">
  <testcase classname="testLayer.Cogmento" name="loginFunctionality" time="0.505"/>
  <testcase classname="testLayer.Cogmento" name="validateContactPage" time="2.151"/>
  <testcase classname="testLayer.Cogmento" name="validateCreateContactPage" time="0.25"/>
</testsuite> <!-- Default test -->
