<?xml version="1.0" encoding="UTF-8"?>
<!-- Generated by org.testng.reporters.JUnitXMLReporter -->
<testsuite ignored="0" hostname="LAPTOP-5USHU4F4" failures="0" tests="4" name="Test" time="11.173" errors="0" timestamp="2026-03-31T00:50:48 IST">
  <testcase classname="testLayer.Cogmento" name="loginFunctionality" time="0.523"/>
  <testcase classname="testLayer.Cogmento" name="validateContactPage" time="2.166"/>
  <testcase classname="testLayer.Cogmento" name="validateCreateContactPage" time="0.231"/>
  <testcase classname="testLayer.Cogmento" name="CreateContact" time="0.256"/>
</testsuite> <!-- Test -->
