<?xml version="1.0" encoding="UTF-8"?>
<!-- Generated by org.testng.reporters.JUnitXMLReporter -->
<testsuite ignored="0" hostname="LAPTOP-5USHU4F4" failures="0" tests="3" name="Test" time="9.683" errors="0" timestamp="2026-03-31T00:42:10 IST">
  <testcase classname="testLayer.Cogmento" name="loginFunctionality" time="0.538"/>
  <testcase classname="testLayer.Cogmento" name="validateContactPage" time="2.224"/>
  <testcase classname="testLayer.Cogmento" name="validateCreateContactPage" time="0.157"/>
</testsuite> <!-- Test -->
