<?xml version="1.0" encoding="UTF-8"?>
<testng-results ignored="0" total="2" passed="2" failed="0" skipped="0">
  <reporter-output>
  </reporter-output>
  <suite started-at="2026-03-31T00:24:50 IST" name="Suite" finished-at="2026-03-31T00:25:02 IST" duration-ms="11994">
    <groups>
    </groups>
    <test started-at="2026-03-31T00:24:50 IST" name="Test" finished-at="2026-03-31T00:25:02 IST" duration-ms="11994">
      <class name="testLayer.Cogmento">
        <test-method is-config="true" signature="openUrl()[pri:0, instance:testLayer.Cogmento@498d318c]" started-at="2026-03-31T00:24:50 IST" name="openUrl" finished-at="2026-03-31T00:24:59 IST" duration-ms="8753" status="PASS">
          <reporter-output>
          </reporter-output>
        </test-method> <!-- openUrl -->
        <test-method signature="loginFunctionality()[pri:0, instance:testLayer.Cogmento@498d318c]" started-at="2026-03-31T00:24:59 IST" name="loginFunctionality" finished-at="2026-03-31T00:24:59 IST" duration-ms="554" status="PASS">
          <reporter-output>
          </reporter-output>
        </test-method> <!-- loginFunctionality -->
        <test-method signature="validateContactPage()[pri:1, instance:testLayer.Cogmento@498d318c]" started-at="2026-03-31T00:24:59 IST" name="validateContactPage" finished-at="2026-03-31T00:25:01 IST" duration-ms="2188" status="PASS">
          <reporter-output>
          </reporter-output>
        </test-method> <!-- validateContactPage -->
        <test-method is-config="true" signature="tearDown()[pri:0, instance:testLayer.Cogmento@498d318c]" started-at="2026-03-31T00:25:01 IST" name="tearDown" finished-at="2026-03-31T00:25:02 IST" duration-ms="333" status="PASS">
          <reporter-output>
          </reporter-output>
        </test-method> <!-- tearDown -->
      </class> <!-- testLayer.Cogmento -->
    </test> <!-- Test -->
  </suite> <!-- Suite -->
</testng-results>
