<?xml version="1.0" encoding="UTF-8"?>
<testng-results ignored="0" total="1" passed="1" failed="0" skipped="0">
  <reporter-output>
  </reporter-output>
  <suite started-at="2026-03-30T23:56:33 IST" name="Suite" finished-at="2026-03-30T23:56:39 IST" duration-ms="6363">
    <groups>
    </groups>
    <test started-at="2026-03-30T23:56:33 IST" name="Test" finished-at="2026-03-30T23:56:39 IST" duration-ms="6363">
      <class name="testLayer.Cogmento">
        <test-method is-config="true" signature="openUrl()[pri:0, instance:testLayer.Cogmento@40ef3420]" started-at="2026-03-30T23:56:33 IST" name="openUrl" finished-at="2026-03-30T23:56:38 IST" duration-ms="5556" status="PASS">
          <reporter-output>
          </reporter-output>
        </test-method> <!-- openUrl -->
        <test-method signature="loginFunctionality()[pri:0, instance:testLayer.Cogmento@40ef3420]" started-at="2026-03-30T23:56:38 IST" name="loginFunctionality" finished-at="2026-03-30T23:56:39 IST" duration-ms="414" status="PASS">
          <reporter-output>
          </reporter-output>
        </test-method> <!-- loginFunctionality -->
        <test-method is-config="true" signature="tearDown()[pri:0, instance:testLayer.Cogmento@40ef3420]" started-at="2026-03-30T23:56:39 IST" name="tearDown" finished-at="2026-03-30T23:56:39 IST" duration-ms="290" status="PASS">
          <reporter-output>
          </reporter-output>
        </test-method> <!-- tearDown -->
      </class> <!-- testLayer.Cogmento -->
    </test> <!-- Test -->
  </suite> <!-- Suite -->
</testng-results>
