<?xml version="1.0" encoding="UTF-8"?>
<!-- Generated by org.testng.reporters.JUnitReportReporter -->
<testsuite hostname="LAPTOP-5USHU4F4" failures="0" tests="3" name="testLayer.Cogmento" time="2.919" errors="0" timestamp="2026-03-31T00:42:10 IST" skipped="0">
  <testcase classname="testLayer.Cogmento" name="loginFunctionality" time="0.538"/>
  <system-out/>
  <testcase classname="testLayer.Cogmento" name="validateContactPage" time="2.224"/>
  <system-out/>
  <testcase classname="testLayer.Cogmento" name="validateCreateContactPage" time="0.157"/>
  <system-out/>
</testsuite> <!-- testLayer.Cogmento -->
