<?xml version="1.0" encoding="UTF-8"?>
<!-- Generated by org.testng.reporters.JUnitReportReporter -->
<testsuite hostname="LAPTOP-5USHU4F4" failures="0" tests="4" name="testLayer.Cogmento" time="3.176" errors="0" timestamp="2026-03-31T00:50:49 IST" skipped="0">
  <testcase classname="testLayer.Cogmento" name="loginFunctionality" time="0.523"/>
  <system-out/>
  <testcase classname="testLayer.Cogmento" name="validateContactPage" time="2.166"/>
  <system-out/>
  <testcase classname="testLayer.Cogmento" name="validateCreateContactPage" time="0.231"/>
  <system-out/>
  <testcase classname="testLayer.Cogmento" name="CreateContact" time="0.256"/>
  <system-out/>
</testsuite> <!-- testLayer.Cogmento -->
